<?xml version="1.0" encoding="UTF-8"?>
<testng-results skipped="0" failed="0" total="1" passed="1">
  <reporter-output>
  </reporter-output>
  <suite name="Hello World Suite Name" duration-ms="28" started-at="2018-04-10T05:04:33Z" finished-at="2018-04-10T05:04:33Z">
    <groups>
    </groups>
    <test name="Hello World test name" duration-ms="28" started-at="2018-04-10T05:04:33Z" finished-at="2018-04-10T05:04:33Z">
      <class name="com.test.helloworld.HelloWorld">
        <test-method status="PASS" signature="hellowWorldFn()[pri:0, instance:com.test.helloworld.HelloWorld@4c203ea1]" name="hellowWorldFn" duration-ms="12" started-at="2018-04-10T10:34:33Z" finished-at="2018-04-10T10:34:33Z">
          <reporter-output>
          </reporter-output>
        </test-method> <!-- hellowWorldFn -->
      </class> <!-- com.test.helloworld.HelloWorld -->
    </test> <!-- Hello World test name -->
  </suite> <!-- Hello World Suite Name -->
</testng-results>
